<?xml version="1.0" encoding="UTF-8"?>
<testng-results ignored="0" total="3" passed="3" failed="0" skipped="0">
  <reporter-output>
  </reporter-output>
  <suite started-at="2024-09-11T21:39:55 IST" name="Suite" finished-at="2024-09-11T21:40:06 IST" duration-ms="11228">
    <groups>
    </groups>
    <test started-at="2024-09-11T21:39:55 IST" name="Test" finished-at="2024-09-11T21:40:06 IST" duration-ms="11228">
      <class name="com.sdet.AppTest">
        <test-method signature="testlogin1()[pri:0, instance:com.sdet.AppTest@2c35e847]" started-at="2024-09-11T21:40:06 IST" name="testlogin1" finished-at="2024-09-11T21:40:06 IST" duration-ms="11" status="PASS">
          <reporter-output>
          </reporter-output>
        </test-method> <!-- testlogin1 -->
        <test-method signature="testlogin2()[pri:0, instance:com.sdet.AppTest@2c35e847]" started-at="2024-09-11T21:40:06 IST" name="testlogin2" finished-at="2024-09-11T21:40:06 IST" duration-ms="2" status="PASS">
          <reporter-output>
          </reporter-output>
        </test-method> <!-- testlogin2 -->
      </class> <!-- com.sdet.AppTest -->
      <class name="com.sdet.TC_Login">
        <test-method signature="login_Test()[pri:0, instance:com.sdet.TC_Login@7c24b813]" started-at="2024-09-11T21:39:55 IST" name="login_Test" finished-at="2024-09-11T21:40:06 IST" duration-ms="11179" status="PASS">
          <reporter-output>
          </reporter-output>
        </test-method> <!-- login_Test -->
      </class> <!-- com.sdet.TC_Login -->
    </test> <!-- Test -->
  </suite> <!-- Suite -->
</testng-results>
